<?xml version="1.0" encoding="UTF-8"?>
<!-- Generated by org.testng.reporters.JUnitXMLReporter -->
<testsuite ignored="5" hostname="DESKTOP-SV05B4K" failures="0" tests="1" name="Default test" time="16.289" errors="0" timestamp="2024-12-18T17:13:14 IST">
  <testcase classname="test.NegativeScenario" name="signupsamedata" time="9.129"/>
  <testcase classname="test.NegativeScenario" name="wrongfileupload" time="0.0">
    <ignored/>
  </testcase> <!-- wrongfileupload -->
  <testcase classname="test.NegativeScenario" name="appstoreclick" time="0.0">
    <ignored/>
  </testcase> <!-- appstoreclick -->
  <testcase classname="test.NegativeScenario" name="capturenodatamessage" time="0.0">
    <ignored/>
  </testcase> <!-- capturenodatamessage -->
  <testcase classname="test.NegativeScenario" name="capturetoastmessagesignup" time="0.0">
    <ignored/>
  </testcase> <!-- capturetoastmessagesignup -->
  <testcase classname="test.NegativeScenario" name="recivermessage" time="0.0">
    <ignored/>
  </testcase> <!-- recivermessage -->
</testsuite> <!-- Default test -->
