<?xml version="1.0" encoding="UTF-8"?>
<!-- Generated by org.testng.reporters.JUnitXMLReporter -->
<testsuite ignored="8" hostname="DESKTOP-7R46V5R" failures="0" tests="1" name="Default test" time="48.032" errors="0" timestamp="2024-12-19T20:02:43 IST">
  <testcase classname="test.FileValidation" name="portfoliodisplaynew" time="40.62"/>
  <testcase classname="test.FileValidation" name="MonthlyPnlHeatmapReport" time="0.0">
    <ignored/>
  </testcase> <!-- MonthlyPnlHeatmapReport -->
  <testcase classname="test.FileValidation" name="MonthlyHeatmapReport" time="0.0">
    <ignored/>
  </testcase> <!-- MonthlyHeatmapReport -->
  <testcase classname="test.FileValidation" name="portfoliologout" time="0.0">
    <ignored/>
  </testcase> <!-- portfoliologout -->
  <testcase classname="test.FileValidation" name="assetAllocationReport" time="0.0">
    <ignored/>
  </testcase> <!-- assetAllocationReport -->
  <testcase classname="test.FileValidation" name="captureNoDataMessage" time="0.0">
    <ignored/>
  </testcase> <!-- captureNoDataMessage -->
  <testcase classname="test.FileValidation" name="assetPerformanceReport" time="0.0">
    <ignored/>
  </testcase> <!-- assetPerformanceReport -->
  <testcase classname="test.FileValidation" name="DrawdownReport" time="0.0">
    <ignored/>
  </testcase> <!-- DrawdownReport -->
  <testcase classname="test.FileValidation" name="portflioGrowthReport" time="0.0">
    <ignored/>
  </testcase> <!-- portflioGrowthReport -->
</testsuite> <!-- Default test -->
