<?xml version="1.0" encoding="UTF-8"?>
<!-- Generated by org.testng.reporters.JUnitXMLReporter -->
<testsuite ignored="0" hostname="DESKTOP-7R46V5R" failures="0" tests="17" name="Test" time="450.892" errors="0" timestamp="2024-12-19T20:13:10 IST">
  <testcase classname="test.SignUpValidation" name="SignUp" time="8.56"/>
  <testcase classname="test.SignUpValidation" name="capturetoastmessagesignup" time="7.451"/>
  <testcase classname="test.LoginValidation" name="logInvalidUser" time="6.572"/>
  <testcase classname="test.LoginValidation" name="loginInvalidUser" time="5.714"/>
  <testcase classname="test.AppStoreValidation" name="navigateToPlumVision" time="7.895"/>
  <testcase classname="test.FileUploadValidation" name="setvalidParameter" time="17.155"/>
  <testcase classname="test.FileUploadValidation" name="uploadValidFile" time="17.132"/>
  <testcase classname="test.FileUploadValidation" name="wrongfileupload" time="16.623"/>
  <testcase classname="test.FileValidation" name="DrawdownReport" time="28.469"/>
  <testcase classname="test.FileValidation" name="MonthlyHeatmapReport" time="24.463"/>
  <testcase classname="test.FileValidation" name="MonthlyPnlHeatmapReport" time="24.303"/>
  <testcase classname="test.FileValidation" name="assetAllocationReport" time="23.947"/>
  <testcase classname="test.FileValidation" name="assetPerformanceReport" time="23.772"/>
  <testcase classname="test.FileValidation" name="captureNoDataMessage" time="27.389"/>
  <testcase classname="test.FileValidation" name="portflioGrowthReport" time="23.882"/>
  <testcase classname="test.FileValidation" name="portfoliodisplaynew" time="42.364"/>
  <testcase classname="test.FileValidation" name="portfoliologout" time="23.036"/>
</testsuite> <!-- Test -->
