<?xml version="1.0" encoding="UTF-8"?>
<testng-results ignored="0" total="1" passed="1" failed="0" skipped="0">
  <reporter-output>
  </reporter-output>
  <suite started-at="2024-12-12T12:32:41 IST" name="Default suite" finished-at="2024-12-12T12:33:09 IST" duration-ms="27220">
    <groups>
    </groups>
    <test started-at="2024-12-12T12:32:41 IST" name="Default test" finished-at="2024-12-12T12:33:09 IST" duration-ms="27220">
      <class name="test.FileUploadValidation">
        <test-method is-config="true" signature="launchApplication()[pri:0, instance:test.FileUploadValidation@4f32a3ad]" started-at="2024-12-12T12:32:42 IST" name="launchApplication" finished-at="2024-12-12T12:32:49 IST" duration-ms="7842" status="PASS">
          <reporter-output>
          </reporter-output>
        </test-method> <!-- launchApplication -->
        <test-method signature="FileUpload()[pri:0, instance:test.FileUploadValidation@4f32a3ad]" started-at="2024-12-12T12:32:49 IST" name="FileUpload" finished-at="2024-12-12T12:33:09 IST" duration-ms="19152" status="PASS">
          <reporter-output>
          </reporter-output>
        </test-method> <!-- FileUpload -->
        <test-method is-config="true" signature="CloseApplication()[pri:0, instance:test.FileUploadValidation@4f32a3ad]" started-at="2024-12-12T12:33:09 IST" name="CloseApplication" finished-at="2024-12-12T12:33:09 IST" duration-ms="174" status="PASS">
          <reporter-output>
          </reporter-output>
        </test-method> <!-- CloseApplication -->
      </class> <!-- test.FileUploadValidation -->
    </test> <!-- Default test -->
  </suite> <!-- Default suite -->
</testng-results>
